employee/build/outputs/logs/manifest-merger-debug-report.txt
-- Merging decision tree log ---
manifest
ADDED from src/main/AndroidManifest.xml:2:1-248:12
	package
		ADDED from src/main/AndroidManifest.xml:2:11-32
		INJECTED from src/main/AndroidManifest.xml
		INJECTED from src/main/AndroidManifest.xml
	android:versionName
		INJECTED from src/main/AndroidManifest.xml
		INJECTED from src/main/AndroidManifest.xml
	xmlns:android
		ADDED from src/main/AndroidManifest.xml:3:11-69
	android:versionCode
		INJECTED from src/main/AndroidManifest.xml
		INJECTED from src/main/AndroidManifest.xml
uses-permission#android.permission.READ_CALENDAR
ADDED from src/main/AndroidManifest.xml:5:5-71
	android:name
		ADDED from src/main/AndroidManifest.xml:5:22-69
uses-permission#android.permission.WRITE_CALENDAR
ADDED from src/main/AndroidManifest.xml:6:5-72
	android:name
		ADDED from src/main/AndroidManifest.xml:6:22-70
uses-permission#android.permission.INTERNET
ADDED from src/main/AndroidManifest.xml:7:5-66
MERGED from [com.google.android.gms:play-services-gcm:8.4.0] AndroidManifest.xml:22:5-67
MERGED from [com.crashlytics.sdk.android:crashlytics:2.6.5] AndroidManifest.xml:9:5-67
MERGED from [com.crashlytics.sdk.android:beta:1.2.2] AndroidManifest.xml:9:5-67
MERGED from [com.crashlytics.sdk.android:crashlytics-core:2.3.14] AndroidManifest.xml:9:5-67
MERGED from [com.crashlytics.sdk.android:answers:1.3.10] AndroidManifest.xml:9:5-67
MERGED from [io.fabric.sdk.android:fabric:1.3.14] AndroidManifest.xml:25:5-67
MERGED from [com.google.android.gms:play-services-measurement:8.4.0] AndroidManifest.xml:21:5-67
	android:name
		ADDED from src/main/AndroidManifest.xml:7:22-64
uses-permission#android.permission.ACCESS_NETWORK_STATE
ADDED from src/main/AndroidManifest.xml:8:5-78
MERGED from [com.google.android.gms:play-services-measurement:8.4.0] AndroidManifest.xml:22:5-79
	android:name
		ADDED from src/main/AndroidManifest.xml:8:22-76
uses-permission#android.permission.READ_PHONE_STATE
ADDED from src/main/AndroidManifest.xml:9:5-74
	android:name
		ADDED from src/main/AndroidManifest.xml:9:22-72
uses-permission#android.permission.ACCESS_WIFI_STATE
ADDED from src/main/AndroidManifest.xml:10:5-75
	android:name
		ADDED from src/main/AndroidManifest.xml:10:22-73
uses-permission#android.permission.GET_ACCOUNTS
ADDED from src/main/AndroidManifest.xml:11:5-70
	android:name
		ADDED from src/main/AndroidManifest.xml:11:22-68
uses-permission#android.permission.READ_EXTERNAL_STORAGE
ADDED from src/main/AndroidManifest.xml:12:5-79
	android:name
		ADDED from src/main/AndroidManifest.xml:12:22-77
uses-permission#android.permission.WRITE_EXTERNAL_STORAGE
ADDED from src/main/AndroidManifest.xml:13:5-80
	android:name
		ADDED from src/main/AndroidManifest.xml:13:22-78
uses-permission#android.permission.VIBRATE
ADDED from src/main/AndroidManifest.xml:14:5-65
	android:name
		ADDED from src/main/AndroidManifest.xml:14:22-63
uses-permission#android.permission.WAKE_LOCK
ADDED from src/main/AndroidManifest.xml:15:5-67
MERGED from [com.google.android.gms:play-services-measurement:8.4.0] AndroidManifest.xml:24:5-67
	android:name
		ADDED from src/main/AndroidManifest.xml:15:22-65
uses-permission#android.permission.RECEIVE_BOOT_COMPLETED
ADDED from src/main/AndroidManifest.xml:16:5-80
	android:name
		ADDED from src/main/AndroidManifest.xml:16:22-78
uses-permission#android.permission.MANAGE_ACCOUNTS
ADDED from src/main/AndroidManifest.xml:17:5-73
	android:name
		ADDED from src/main/AndroidManifest.xml:17:22-71
uses-permission#android.permission.AUTHENTICATE_ACCOUNTS
ADDED from src/main/AndroidManifest.xml:18:5-79
	android:name
		ADDED from src/main/AndroidManifest.xml:18:22-77
uses-permission#com.google.android.googleapps.permission.GOOGLE_AUTH.mail
ADDED from src/main/AndroidManifest.xml:19:5-96
	android:name
		ADDED from src/main/AndroidManifest.xml:19:22-94
uses-permission#com.google.android.c2dm.permission.RECEIVE
ADDED from src/main/AndroidManifest.xml:20:5-81
MERGED from [com.google.android.gms:play-services-gcm:8.4.0] AndroidManifest.xml:21:5-82
	android:name
		ADDED from src/main/AndroidManifest.xml:20:22-79
permission#ism.android.permission.C2D_MESSAGE
ADDED from src/main/AndroidManifest.xml:22:5-24:46
	android:protectionLevel
		ADDED from src/main/AndroidManifest.xml:24:9-44
	android:name
		ADDED from src/main/AndroidManifest.xml:23:9-58
uses-permission#ism.android.permission.C2D_MESSAGE
ADDED from src/main/AndroidManifest.xml:26:5-73
	android:name
		ADDED from src/main/AndroidManifest.xml:26:22-71
application
ADDED from src/main/AndroidManifest.xml:28:5-246:19
MERGED from [com.google.android.gms:play-services-gcm:8.4.0] AndroidManifest.xml:24:5-20
MERGED from [com.android.support:design:23.3.0] AndroidManifest.xml:22:5-20
MERGED from [com.android.support:appcompat-v7:23.4.0] AndroidManifest.xml:25:5-20
MERGED from [com.android.support:animated-vector-drawable:23.4.0] AndroidManifest.xml:7:5-20
MERGED from [com.android.support:support-vector-drawable:23.4.0] AndroidManifest.xml:7:5-20
MERGED from [com.hudomju:swipe-to-dismiss-undo:1.0] AndroidManifest.xml:11:5-12:19
MERGED from [com.crashlytics.sdk.android:crashlytics:2.6.5] AndroidManifest.xml:11:5-20
MERGED from [com.crashlytics.sdk.android:beta:1.2.2] AndroidManifest.xml:11:5-20
MERGED from [com.crashlytics.sdk.android:crashlytics-core:2.3.14] AndroidManifest.xml:11:5-20
MERGED from [com.crashlytics.sdk.android:answers:1.3.10] AndroidManifest.xml:11:5-20
MERGED from [io.fabric.sdk.android:fabric:1.3.14] AndroidManifest.xml:27:5-20
MERGED from [com.google.android.gms:play-services-measurement:8.4.0] AndroidManifest.xml:26:5-46:19
MERGED from [com.google.android.gms:play-services-basement:8.4.0] AndroidManifest.xml:20:5-24:19
MERGED from [com.android.support:support-v4:23.4.0] AndroidManifest.xml:22:5-20
	android:label
		ADDED from src/main/AndroidManifest.xml:32:9-41
	android:supportsRtl
		ADDED from src/main/AndroidManifest.xml:35:9-35
	android:launchMode
		ADDED from src/main/AndroidManifest.xml:34:9-39
	android:allowBackup
		ADDED from src/main/AndroidManifest.xml:30:9-35
	android:icon
		ADDED from src/main/AndroidManifest.xml:31:9-41
	android:largeHeap
		ADDED from src/main/AndroidManifest.xml:33:9-33
	android:theme
		ADDED from src/main/AndroidManifest.xml:36:9-40
	android:name
		ADDED from src/main/AndroidManifest.xml:29:9-49
activity#ism.android.SplashActivity
ADDED from src/main/AndroidManifest.xml:39:9-49:20
	android:label
		ADDED from src/main/AndroidManifest.xml:42:13-45
	android:configChanges
		ADDED from src/main/AndroidManifest.xml:41:13-59
	android:theme
		ADDED from src/main/AndroidManifest.xml:43:13-56
	android:name
		ADDED from src/main/AndroidManifest.xml:40:13-43
intent-filter#android.intent.action.MAIN+android.intent.category.LAUNCHER
ADDED from src/main/AndroidManifest.xml:44:13-48:29
action#android.intent.action.MAIN
ADDED from src/main/AndroidManifest.xml:45:17-68
	android:name
		ADDED from src/main/AndroidManifest.xml:45:25-66
category#android.intent.category.LAUNCHER
ADDED from src/main/AndroidManifest.xml:47:17-76
	android:name
		ADDED from src/main/AndroidManifest.xml:47:27-74
activity#ism.android.login.LoginActivity
ADDED from src/main/AndroidManifest.xml:52:9-57:69
	android:label
		ADDED from src/main/AndroidManifest.xml:56:13-57
	android:windowSoftInputMode
		ADDED from src/main/AndroidManifest.xml:57:13-67
	android:configChanges
		ADDED from src/main/AndroidManifest.xml:54:13-74
	android:icon
		ADDED from src/main/AndroidManifest.xml:55:13-43
	android:name
		ADDED from src/main/AndroidManifest.xml:53:13-59
activity#ism.android.MainActivity
ADDED from src/main/AndroidManifest.xml:60:9-64:69
	android:windowSoftInputMode
		ADDED from src/main/AndroidManifest.xml:64:13-67
	android:icon
		ADDED from src/main/AndroidManifest.xml:62:13-43
	android:theme
		ADDED from src/main/AndroidManifest.xml:63:13-56
	android:name
		ADDED from src/main/AndroidManifest.xml:61:13-41
activity#ism.android.login.ForgotPasswordActivity
ADDED from src/main/AndroidManifest.xml:67:9-75:20
	android:label
		ADDED from src/main/AndroidManifest.xml:70:13-67
	android:windowSoftInputMode
		ADDED from src/main/AndroidManifest.xml:71:13-67
	android:configChanges
		ADDED from src/main/AndroidManifest.xml:69:13-74
	android:name
		ADDED from src/main/AndroidManifest.xml:68:13-57
meta-data#android.support.PARENT_ACTIVITY
ADDED from src/main/AndroidManifest.xml:72:13-74:66
	android:value
		ADDED from src/main/AndroidManifest.xml:74:17-64
	android:name
		ADDED from src/main/AndroidManifest.xml:73:17-63
activity#ism.android.login.AgreementActivity
ADDED from src/main/AndroidManifest.xml:76:9-80:69
	android:label
		ADDED from src/main/AndroidManifest.xml:79:13-46
	android:windowSoftInputMode
		ADDED from src/main/AndroidManifest.xml:80:13-67
	android:configChanges
		ADDED from src/main/AndroidManifest.xml:78:13-74
	android:name
		ADDED from src/main/AndroidManifest.xml:77:13-52
activity#ism.android.login.ChangePasswordActivity
ADDED from src/main/AndroidManifest.xml:81:9-85:69
	android:label
		ADDED from src/main/AndroidManifest.xml:84:13-67
	android:windowSoftInputMode
		ADDED from src/main/AndroidManifest.xml:85:13-67
	android:configChanges
		ADDED from src/main/AndroidManifest.xml:83:13-74
	android:name
		ADDED from src/main/AndroidManifest.xml:82:13-57
activity#ism.android.baseclasses.AppBaseActivity
ADDED from src/main/AndroidManifest.xml:86:9-64
	android:name
		ADDED from src/main/AndroidManifest.xml:86:19-62
activity#ism.android.login.ForgotPasswordConfirmationActivity
ADDED from src/main/AndroidManifest.xml:87:9-95:20
	android:label
		ADDED from src/main/AndroidManifest.xml:90:13-67
	android:windowSoftInputMode
		ADDED from src/main/AndroidManifest.xml:91:13-67
	android:configChanges
		ADDED from src/main/AndroidManifest.xml:89:13-74
	android:name
		ADDED from src/main/AndroidManifest.xml:88:13-69
activity#ism.android.settings.AboutApp_Activity
ADDED from src/main/AndroidManifest.xml:98:9-104:20
	android:label
		ADDED from src/main/AndroidManifest.xml:100:13-42
	android:name
		ADDED from src/main/AndroidManifest.xml:99:13-55
activity#ism.android.settings.SettingsDetailsActivity
ADDED from src/main/AndroidManifest.xml:106:9-113:20
	android:windowSoftInputMode
		ADDED from src/main/AndroidManifest.xml:109:13-67
	android:configChanges
		ADDED from src/main/AndroidManifest.xml:108:13-74
	android:name
		ADDED from src/main/AndroidManifest.xml:107:13-61
activity#ism.android.message.MessageDetailsActivity
ADDED from src/main/AndroidManifest.xml:116:9-124:20
	android:label
		ADDED from src/main/AndroidManifest.xml:119:13-67
	android:configChanges
		ADDED from src/main/AndroidManifest.xml:118:13-74
	android:theme
		ADDED from src/main/AndroidManifest.xml:120:13-56
	android:name
		ADDED from src/main/AndroidManifest.xml:117:13-59
activity#ism.android.message.ComposeActivity
ADDED from src/main/AndroidManifest.xml:125:9-133:20
	android:label
		ADDED from src/main/AndroidManifest.xml:128:13-59
	android:windowSoftInputMode
		ADDED from src/main/AndroidManifest.xml:129:13-67
	android:configChanges
		ADDED from src/main/AndroidManifest.xml:127:13-74
	android:name
		ADDED from src/main/AndroidManifest.xml:126:13-52
activity#ism.android.message.ShiftAcceptCommentActivity
ADDED from src/main/AndroidManifest.xml:134:9-141:20
	android:windowSoftInputMode
		ADDED from src/main/AndroidManifest.xml:137:13-67
	android:configChanges
		ADDED from src/main/AndroidManifest.xml:136:13-74
	android:name
		ADDED from src/main/AndroidManifest.xml:135:13-63
activity#ism.android.message.ForwardActivity
ADDED from src/main/AndroidManifest.xml:142:9-150:20
	android:label
		ADDED from src/main/AndroidManifest.xml:145:13-59
	android:windowSoftInputMode
		ADDED from src/main/AndroidManifest.xml:146:13-67
	android:configChanges
		ADDED from src/main/AndroidManifest.xml:144:13-74
	android:name
		ADDED from src/main/AndroidManifest.xml:143:13-52
activity#ism.android.message.AddressBookActivity
ADDED from src/main/AndroidManifest.xml:151:9-154:69
	android:label
		ADDED from src/main/AndroidManifest.xml:153:13-64
	android:windowSoftInputMode
		ADDED from src/main/AndroidManifest.xml:154:13-67
	android:name
		ADDED from src/main/AndroidManifest.xml:152:13-56
activity#ism.android.message.TradeSchedulesListActivity
ADDED from src/main/AndroidManifest.xml:155:9-159:69
	android:label
		ADDED from src/main/AndroidManifest.xml:158:13-72
	android:windowSoftInputMode
		ADDED from src/main/AndroidManifest.xml:159:13-67
	android:configChanges
		ADDED from src/main/AndroidManifest.xml:157:13-74
	android:name
		ADDED from src/main/AndroidManifest.xml:156:13-63
activity#ism.android.message.MandatoryMsgReadStatusActivity
ADDED from src/main/AndroidManifest.xml:160:9-164:69
	android:label
		ADDED from src/main/AndroidManifest.xml:163:13-77
	android:windowSoftInputMode
		ADDED from src/main/AndroidManifest.xml:164:13-67
	android:configChanges
		ADDED from src/main/AndroidManifest.xml:162:13-74
	android:name
		ADDED from src/main/AndroidManifest.xml:161:13-67
activity#ism.android.message.MandatoryMsgAttachmentActivity
ADDED from src/main/AndroidManifest.xml:165:9-169:69
	android:label
		ADDED from src/main/AndroidManifest.xml:168:13-77
	android:windowSoftInputMode
		ADDED from src/main/AndroidManifest.xml:169:13-67
	android:configChanges
		ADDED from src/main/AndroidManifest.xml:167:13-74
	android:name
		ADDED from src/main/AndroidManifest.xml:166:13-67
activity#ism.android.message.MandatoryMessageDetailActivity
ADDED from src/main/AndroidManifest.xml:170:9-174:69
	android:label
		ADDED from src/main/AndroidManifest.xml:173:13-72
	android:windowSoftInputMode
		ADDED from src/main/AndroidManifest.xml:174:13-67
	android:configChanges
		ADDED from src/main/AndroidManifest.xml:172:13-74
	android:name
		ADDED from src/main/AndroidManifest.xml:171:13-67
activity#ism.android.schedule.ScheduleDetailsActivity
ADDED from src/main/AndroidManifest.xml:178:9-186:20
	android:label
		ADDED from src/main/AndroidManifest.xml:181:13-68
	android:windowSoftInputMode
		ADDED from src/main/AndroidManifest.xml:182:13-67
	android:configChanges
		ADDED from src/main/AndroidManifest.xml:180:13-74
	android:name
		ADDED from src/main/AndroidManifest.xml:179:13-61
activity#ism.android.schedule.RequestOffActivity
ADDED from src/main/AndroidManifest.xml:187:9-195:20
	android:label
		ADDED from src/main/AndroidManifest.xml:190:13-63
	android:windowSoftInputMode
		ADDED from src/main/AndroidManifest.xml:191:13-67
	android:configChanges
		ADDED from src/main/AndroidManifest.xml:189:13-74
	android:name
		ADDED from src/main/AndroidManifest.xml:188:13-56
activity#ism.android.schedule.ShiftCommentActivity
ADDED from src/main/AndroidManifest.xml:196:9-199:69
	android:windowSoftInputMode
		ADDED from src/main/AndroidManifest.xml:199:13-67
	android:configChanges
		ADDED from src/main/AndroidManifest.xml:198:13-74
	android:name
		ADDED from src/main/AndroidManifest.xml:197:13-58
activity#ism.android.schedule.ScheduleGiveToActivity
ADDED from src/main/AndroidManifest.xml:201:9-205:69
	android:label
		ADDED from src/main/AndroidManifest.xml:204:13-68
	android:windowSoftInputMode
		ADDED from src/main/AndroidManifest.xml:205:13-67
	android:configChanges
		ADDED from src/main/AndroidManifest.xml:203:13-74
	android:name
		ADDED from src/main/AndroidManifest.xml:202:13-60
service#ism.android.backgroundservices.ServiceForDocumentRead
ADDED from src/main/AndroidManifest.xml:209:9-77
	android:name
		ADDED from src/main/AndroidManifest.xml:209:18-75
receiver#com.google.android.gms.gcm.GcmReceiver
ADDED from src/main/AndroidManifest.xml:213:9-223:20
	android:exported
		ADDED from src/main/AndroidManifest.xml:215:13-36
	android:permission
		ADDED from src/main/AndroidManifest.xml:216:13-73
	android:name
		ADDED from src/main/AndroidManifest.xml:214:13-66
intent-filter#com.google.android.c2dm.intent.RECEIVE+com.google.android.c2dm.intent.REGISTRATION+ism.android
ADDED from src/main/AndroidManifest.xml:217:13-222:29
action#com.google.android.c2dm.intent.RECEIVE
ADDED from src/main/AndroidManifest.xml:218:17-80
	android:name
		ADDED from src/main/AndroidManifest.xml:218:25-78
action#com.google.android.c2dm.intent.REGISTRATION
ADDED from src/main/AndroidManifest.xml:219:17-85
	android:name
		ADDED from src/main/AndroidManifest.xml:219:25-83
category#ism.android
ADDED from src/main/AndroidManifest.xml:221:17-55
	android:name
		ADDED from src/main/AndroidManifest.xml:221:27-53
service#ism.android.MyGcmListenerService
ADDED from src/main/AndroidManifest.xml:225:9-231:19
	android:exported
		ADDED from src/main/AndroidManifest.xml:227:13-37
	android:name
		ADDED from src/main/AndroidManifest.xml:226:13-49
intent-filter#com.google.android.c2dm.intent.RECEIVE
ADDED from src/main/AndroidManifest.xml:228:13-230:29
service#ism.android.MyInstanceIDListenerService
ADDED from src/main/AndroidManifest.xml:232:9-238:19
	android:exported
		ADDED from src/main/AndroidManifest.xml:234:13-37
	android:name
		ADDED from src/main/AndroidManifest.xml:233:13-56
intent-filter#com.google.android.gms.iid.InstanceID
ADDED from src/main/AndroidManifest.xml:235:13-237:29
action#com.google.android.gms.iid.InstanceID
ADDED from src/main/AndroidManifest.xml:236:17-79
	android:name
		ADDED from src/main/AndroidManifest.xml:236:25-77
service#ism.android.RegistrationIntentService
ADDED from src/main/AndroidManifest.xml:239:9-241:39
	android:exported
		ADDED from src/main/AndroidManifest.xml:241:13-37
	android:name
		ADDED from src/main/AndroidManifest.xml:240:13-54
meta-data#io.fabric.ApiKey
ADDED from src/main/AndroidManifest.xml:243:9-245:71
	android:value
		ADDED from src/main/AndroidManifest.xml:245:13-69
	android:name
		ADDED from src/main/AndroidManifest.xml:244:13-44
uses-sdk
INJECTED from src/main/AndroidManifest.xml reason: use-sdk injection requested
MERGED from [com.google.android.gms:play-services-gcm:8.4.0] AndroidManifest.xml:18:5-42
MERGED from [com.google.android.gms:play-services-base:8.4.0] AndroidManifest.xml:18:5-42
MERGED from [com.android.support:design:23.3.0] AndroidManifest.xml:20:5-43
MERGED from [com.android.support:appcompat-v7:23.4.0] AndroidManifest.xml:21:5-23:78
MERGED from [com.android.support:animated-vector-drawable:23.4.0] AndroidManifest.xml:5:5-44
MERGED from [com.android.support:support-vector-drawable:23.4.0] AndroidManifest.xml:5:5-43
MERGED from [com.android.support:recyclerview-v7:23.3.0] AndroidManifest.xml:20:5-43
MERGED from [com.hudomju:swipe-to-dismiss-undo:1.0] AndroidManifest.xml:7:5-9:41
MERGED from [com.crashlytics.sdk.android:crashlytics:2.6.5] AndroidManifest.xml:7:5-43
MERGED from [com.crashlytics.sdk.android:beta:1.2.2] AndroidManifest.xml:7:5-43
MERGED from [com.crashlytics.sdk.android:crashlytics-core:2.3.14] AndroidManifest.xml:7:5-43
MERGED from [com.crashlytics.sdk.android:answers:1.3.10] AndroidManifest.xml:7:5-43
MERGED from [io.fabric.sdk.android:fabric:1.3.14] AndroidManifest.xml:23:5-43
MERGED from [com.google.android.gms:play-services-measurement:8.4.0] AndroidManifest.xml:18:5-42
MERGED from [com.google.android.gms:play-services-basement:8.4.0] AndroidManifest.xml:18:5-42
MERGED from [com.android.support:support-v4:23.4.0] AndroidManifest.xml:20:5-43
	tools:overrideLibrary
		ADDED from [com.android.support:appcompat-v7:23.4.0] AndroidManifest.xml:23:9-75
	android:targetSdkVersion
		INJECTED from src/main/AndroidManifest.xml
		INJECTED from src/main/AndroidManifest.xml
	android:minSdkVersion
		INJECTED from src/main/AndroidManifest.xml
		INJECTED from src/main/AndroidManifest.xml
provider#com.google.android.gms.measurement.AppMeasurementContentProvider
ADDED from [com.google.android.gms:play-services-measurement:8.4.0] AndroidManifest.xml:28:7-31:37
	android:authorities
		ADDED from [com.google.android.gms:play-services-measurement:8.4.0] AndroidManifest.xml:29:11-76
	android:exported
		ADDED from [com.google.android.gms:play-services-measurement:8.4.0] AndroidManifest.xml:31:11-35
	android:name
		ADDED from [com.google.android.gms:play-services-measurement:8.4.0] AndroidManifest.xml:30:11-90
receiver#com.google.android.gms.measurement.AppMeasurementReceiver
ADDED from [com.google.android.gms:play-services-measurement:8.4.0] AndroidManifest.xml:33:7-39:18
	android:enabled
		ADDED from [com.google.android.gms:play-services-measurement:8.4.0] AndroidManifest.xml:35:11-33
	android:name
		ADDED from [com.google.android.gms:play-services-measurement:8.4.0] AndroidManifest.xml:34:11-83
intent-filter#com.google.android.gms.measurement.UPLOAD
ADDED from [com.google.android.gms:play-services-measurement:8.4.0] AndroidManifest.xml:36:9-38:25
action#com.google.android.gms.measurement.UPLOAD
ADDED from [com.google.android.gms:play-services-measurement:8.4.0] AndroidManifest.xml:37:11-77
	android:name
		ADDED from [com.google.android.gms:play-services-measurement:8.4.0] AndroidManifest.xml:37:19-75
service#com.google.android.gms.measurement.AppMeasurementService
ADDED from [com.google.android.gms:play-services-measurement:8.4.0] AndroidManifest.xml:41:7-44:37
	android:enabled
		ADDED from [com.google.android.gms:play-services-measurement:8.4.0] AndroidManifest.xml:43:11-33
	android:exported
		ADDED from [com.google.android.gms:play-services-measurement:8.4.0] AndroidManifest.xml:44:11-35
	android:name
		ADDED from [com.google.android.gms:play-services-measurement:8.4.0] AndroidManifest.xml:42:11-82
meta-data#com.google.android.gms.version
ADDED from [com.google.android.gms:play-services-basement:8.4.0] AndroidManifest.xml:21:9-23:69
	android:value
		ADDED from [com.google.android.gms:play-services-basement:8.4.0] AndroidManifest.xml:23:13-66
	android:name
		ADDED from [com.google.android.gms:play-services-basement:8.4.0] AndroidManifest.xml:22:13-58